<?xml version="1.0" encoding="UTF-8"?>
<!-- Generated by org.testng.reporters.JUnitReportReporter -->
<testsuite hostname="LT-C02X634KJG5M.local" name="mobile.E2EAppiumAutomation.ecom_t1" tests="2" failures="0" timestamp="13 May 2020 15:41:02 GMT" time="62.221" errors="0">
  <testcase name="totalValidation" time="31.140" classname="mobile.E2EAppiumAutomation.ecom_t1"/>
  <testcase name="totalValidation" time="31.081" classname="mobile.E2EAppiumAutomation.ecom_t1"/>
</testsuite> <!-- mobile.E2EAppiumAutomation.ecom_t1 -->
