<?xml version="1.0" encoding="UTF-8"?>
<!-- Generated by org.testng.reporters.JUnitReportReporter -->
<testsuite hostname="LT-C02X634KJG5M.local" name="mobile.E2EAppiumAutomation.ecom_t2" tests="1" failures="0" timestamp="19 May 2020 15:44:59 GMT" time="45.527" errors="0">
  <testcase name="totalValidation" time="45.527" classname="mobile.E2EAppiumAutomation.ecom_t2"/>
</testsuite> <!-- mobile.E2EAppiumAutomation.ecom_t2 -->
