<?xml version="1.0" encoding="UTF-8"?>
<!-- Generated by org.testng.reporters.JUnitReportReporter -->
<testsuite hostname="LT-C02X634KJG5M.local" name="mobile.E2EAppiumAutomation.ecom_t1" tests="2" failures="0" timestamp="19 May 2020 15:14:53 GMT" time="35.121" errors="0">
  <testcase name="letsShop" time="17.461" classname="mobile.E2EAppiumAutomation.ecom_t1"/>
  <testcase name="letsShop" time="17.660" classname="mobile.E2EAppiumAutomation.ecom_t1"/>
</testsuite> <!-- mobile.E2EAppiumAutomation.ecom_t1 -->
