<?xml version="1.0" encoding="UTF-8"?>
<!-- Generated by org.testng.reporters.JUnitReportReporter -->
<testsuite hostname="LT-C02X634KJG5M.local" name="mobile.E2EAppiumAutomation.ecom_t1" tests="2" failures="0" timestamp="14 May 2020 19:42:59 GMT" time="63.215" errors="0">
  <testcase name="totalValidation" time="30.789" classname="mobile.E2EAppiumAutomation.ecom_t1"/>
  <testcase name="totalValidation" time="32.426" classname="mobile.E2EAppiumAutomation.ecom_t1"/>
</testsuite> <!-- mobile.E2EAppiumAutomation.ecom_t1 -->
